<?xml version="1.0" encoding="UTF-8"?>
<coverage generated="1688948135419" clover="3.2.0">
  <project timestamp="1688948135420" name="All files">
    <metrics statements="38" coveredstatements="26" conditionals="10" coveredconditionals="3" methods="15" coveredmethods="11" elements="63" coveredelements="40" complexity="0" loc="38" ncloc="38" packages="11" files="11" classes="11"/>
    <package name="src">
      <metrics statements="2" coveredstatements="2" conditionals="0" coveredconditionals="0" methods="1" coveredmethods="1"/>
      <file name="Routes.tsx" path="/Users/graceelizabethmorgan-maxwell/Desktop/CapRW/bobRW/web/src/Routes.tsx">
        <metrics statements="2" coveredstatements="2" conditionals="0" coveredconditionals="0" methods="1" coveredmethods="1"/>
        <line num="12" count="30" type="stmt"/>
        <line num="13" count="57" type="stmt"/>
      </file>
    </package>
    <package name="src.components.About">
      <metrics statements="2" coveredstatements="2" conditionals="0" coveredconditionals="0" methods="1" coveredmethods="1"/>
      <file name="About.tsx" path="/Users/graceelizabethmorgan-maxwell/Desktop/CapRW/bobRW/web/src/components/About/About.tsx">
        <metrics statements="2" coveredstatements="2" conditionals="0" coveredconditionals="0" methods="1" coveredmethods="1"/>
        <line num="4" count="6" type="stmt"/>
        <line num="5" count="6" type="stmt"/>
      </file>
    </package>
    <package name="src.components.ButtonLink">
      <metrics statements="5" coveredstatements="3" conditionals="0" coveredconditionals="0" methods="3" coveredmethods="1"/>
      <file name="ButtonLink.tsx" path="/Users/graceelizabethmorgan-maxwell/Desktop/CapRW/bobRW/web/src/components/ButtonLink/ButtonLink.tsx">
        <metrics statements="5" coveredstatements="3" conditionals="0" coveredconditionals="0" methods="3" coveredmethods="1"/>
        <line num="7" count="9" type="stmt"/>
        <line num="8" count="12" type="stmt"/>
        <line num="10" count="12" type="stmt"/>
        <line num="19" count="0" type="stmt"/>
        <line num="20" count="0" type="stmt"/>
      </file>
    </package>
    <package name="src.components.Contact">
      <metrics statements="15" coveredstatements="5" conditionals="10" coveredconditionals="3" methods="3" coveredmethods="1"/>
      <file name="Contact.tsx" path="/Users/graceelizabethmorgan-maxwell/Desktop/CapRW/bobRW/web/src/components/Contact/Contact.tsx">
        <metrics statements="15" coveredstatements="5" conditionals="10" coveredconditionals="3" methods="3" coveredmethods="1"/>
        <line num="29" count="6" type="stmt"/>
        <line num="30" count="6" type="stmt"/>
        <line num="31" count="6" type="stmt"/>
        <line num="46" count="6" type="stmt"/>
        <line num="47" count="0" type="cond" truecount="0" falsecount="4"/>
        <line num="48" count="0" type="stmt"/>
        <line num="49" count="0" type="stmt"/>
        <line num="51" count="0" type="stmt"/>
        <line num="52" count="0" type="stmt"/>
        <line num="53" count="0" type="stmt"/>
        <line num="55" count="0" type="stmt"/>
        <line num="57" count="0" type="stmt"/>
        <line num="58" count="0" type="stmt"/>
        <line num="61" count="6" type="stmt"/>
        <line num="81" count="0" type="stmt"/>
      </file>
    </package>
    <package name="src.components.Footer">
      <metrics statements="2" coveredstatements="2" conditionals="0" coveredconditionals="0" methods="1" coveredmethods="1"/>
      <file name="Footer.tsx" path="/Users/graceelizabethmorgan-maxwell/Desktop/CapRW/bobRW/web/src/components/Footer/Footer.tsx">
        <metrics statements="2" coveredstatements="2" conditionals="0" coveredconditionals="0" methods="1" coveredmethods="1"/>
        <line num="6" count="9" type="stmt"/>
        <line num="7" count="24" type="stmt"/>
      </file>
    </package>
    <package name="src.components.HeaderHero">
      <metrics statements="2" coveredstatements="2" conditionals="0" coveredconditionals="0" methods="1" coveredmethods="1"/>
      <file name="HeaderHero.tsx" path="/Users/graceelizabethmorgan-maxwell/Desktop/CapRW/bobRW/web/src/components/HeaderHero/HeaderHero.tsx">
        <metrics statements="2" coveredstatements="2" conditionals="0" coveredconditionals="0" methods="1" coveredmethods="1"/>
        <line num="6" count="9" type="stmt"/>
        <line num="7" count="18" type="stmt"/>
      </file>
    </package>
    <package name="src.components.Portfolio">
      <metrics statements="2" coveredstatements="2" conditionals="0" coveredconditionals="0" methods="1" coveredmethods="1"/>
      <file name="Portfolio.tsx" path="/Users/graceelizabethmorgan-maxwell/Desktop/CapRW/bobRW/web/src/components/Portfolio/Portfolio.tsx">
        <metrics statements="2" coveredstatements="2" conditionals="0" coveredconditionals="0" methods="1" coveredmethods="1"/>
        <line num="14" count="6" type="stmt"/>
        <line num="15" count="6" type="stmt"/>
      </file>
    </package>
    <package name="src.components.Services">
      <metrics statements="2" coveredstatements="2" conditionals="0" coveredconditionals="0" methods="1" coveredmethods="1"/>
      <file name="Services.tsx" path="/Users/graceelizabethmorgan-maxwell/Desktop/CapRW/bobRW/web/src/components/Services/Services.tsx">
        <metrics statements="2" coveredstatements="2" conditionals="0" coveredconditionals="0" methods="1" coveredmethods="1"/>
        <line num="12" count="6" type="stmt"/>
        <line num="13" count="6" type="stmt"/>
      </file>
    </package>
    <package name="src.pages.ContactUsPage">
      <metrics statements="2" coveredstatements="2" conditionals="0" coveredconditionals="0" methods="1" coveredmethods="1"/>
      <file name="ContactUsPage.tsx" path="/Users/graceelizabethmorgan-maxwell/Desktop/CapRW/bobRW/web/src/pages/ContactUsPage/ContactUsPage.tsx">
        <metrics statements="2" coveredstatements="2" conditionals="0" coveredconditionals="0" methods="1" coveredmethods="1"/>
        <line num="7" count="3" type="stmt"/>
        <line num="8" count="3" type="stmt"/>
      </file>
    </package>
    <package name="src.pages.DisclaimerPage">
      <metrics statements="2" coveredstatements="2" conditionals="0" coveredconditionals="0" methods="1" coveredmethods="1"/>
      <file name="DisclaimerPage.tsx" path="/Users/graceelizabethmorgan-maxwell/Desktop/CapRW/bobRW/web/src/pages/DisclaimerPage/DisclaimerPage.tsx">
        <metrics statements="2" coveredstatements="2" conditionals="0" coveredconditionals="0" methods="1" coveredmethods="1"/>
        <line num="4" count="3" type="stmt"/>
        <line num="5" count="3" type="stmt"/>
      </file>
    </package>
    <package name="src.pages.HomePage">
      <metrics statements="2" coveredstatements="2" conditionals="0" coveredconditionals="0" methods="1" coveredmethods="1"/>
      <file name="HomePage.tsx" path="/Users/graceelizabethmorgan-maxwell/Desktop/CapRW/bobRW/web/src/pages/HomePage/HomePage.tsx">
        <metrics statements="2" coveredstatements="2" conditionals="0" coveredconditionals="0" methods="1" coveredmethods="1"/>
        <line num="9" count="3" type="stmt"/>
        <line num="10" count="3" type="stmt"/>
      </file>
    </package>
  </project>
</coverage>
