{"/Users/graceelizabethmorgan-maxwell/Desktop/CapRW/bobRW/web/src/Routes.tsx": {"path":"/Users/graceelizabethmorgan-maxwell/Desktop/CapRW/bobRW/web/src/Routes.tsx","statementMap":{"0":{"start":{"line":12,"column":15},"end":{"line":21,"column":1}},"1":{"start":{"line":13,"column":2},"end":{"line":20,"column":3}}},"fnMap":{"0":{"name":"(anonymous_0)","decl":{"start":{"line":12,"column":15},"end":{"line":12,"column":16}},"loc":{"start":{"line":12,"column":21},"end":{"line":21,"column":1}},"line":12}},"branchMap":{},"s":{"0":30,"1":57},"f":{"0":57},"b":{},"_coverageSchema":"1a1c01bbd47fc00a2c39e90264f33305004495a9","hash":"473fe1feea6efa6fa5168e1e4d93e613b86f02d7"}
,"/Users/graceelizabethmorgan-maxwell/Desktop/CapRW/bobRW/web/src/components/About/About.tsx": {"path":"/Users/graceelizabethmorgan-maxwell/Desktop/CapRW/bobRW/web/src/components/About/About.tsx","statementMap":{"0":{"start":{"line":4,"column":14},"end":{"line":36,"column":1}},"1":{"start":{"line":5,"column":2},"end":{"line":35,"column":3}}},"fnMap":{"0":{"name":"(anonymous_0)","decl":{"start":{"line":4,"column":14},"end":{"line":4,"column":15}},"loc":{"start":{"line":4,"column":20},"end":{"line":36,"column":1}},"line":4}},"branchMap":{},"s":{"0":6,"1":6},"f":{"0":6},"b":{},"_coverageSchema":"1a1c01bbd47fc00a2c39e90264f33305004495a9","hash":"221d825eb2a2334b66d5330db379a5818a9942a1"}
,"/Users/graceelizabethmorgan-maxwell/Desktop/CapRW/bobRW/web/src/components/ButtonLink/ButtonLink.tsx": {"path":"/Users/graceelizabethmorgan-maxwell/Desktop/CapRW/bobRW/web/src/components/ButtonLink/ButtonLink.tsx","statementMap":{"0":{"start":{"line":7,"column":19},"end":{"line":26,"column":1}},"1":{"start":{"line":8,"column":30},"end":{"line":8,"column":49}},"2":{"start":{"line":10,"column":2},"end":{"line":25,"column":3}},"3":{"start":{"line":19,"column":28},"end":{"line":19,"column":48}},"4":{"start":{"line":20,"column":28},"end":{"line":20,"column":48}}},"fnMap":{"0":{"name":"(anonymous_0)","decl":{"start":{"line":7,"column":19},"end":{"line":7,"column":20}},"loc":{"start":{"line":7,"column":25},"end":{"line":26,"column":1}},"line":7},"1":{"name":"(anonymous_1)","decl":{"start":{"line":19,"column":22},"end":{"line":19,"column":23}},"loc":{"start":{"line":19,"column":28},"end":{"line":19,"column":48}},"line":19},"2":{"name":"(anonymous_2)","decl":{"start":{"line":20,"column":22},"end":{"line":20,"column":23}},"loc":{"start":{"line":20,"column":28},"end":{"line":20,"column":48}},"line":20}},"branchMap":{},"s":{"0":9,"1":12,"2":12,"3":0,"4":0},"f":{"0":12,"1":0,"2":0},"b":{},"_coverageSchema":"1a1c01bbd47fc00a2c39e90264f33305004495a9","hash":"6d840b2b1c2f60050d367c117073694ec675f95c"}
,"/Users/graceelizabethmorgan-maxwell/Desktop/CapRW/bobRW/web/src/components/Contact/Contact.tsx": {"path":"/Users/graceelizabethmorgan-maxwell/Desktop/CapRW/bobRW/web/src/components/Contact/Contact.tsx","statementMap":{"0":{"start":{"line":29,"column":16},"end":{"line":131,"column":1}},"1":{"start":{"line":30,"column":34},"end":{"line":30,"column":46}},"2":{"start":{"line":31,"column":46},"end":{"line":33,"column":3}},"3":{"start":{"line":46,"column":46},"end":{"line":59,"column":3}},"4":{"start":{"line":47,"column":4},"end":{"line":50,"column":5}},"5":{"start":{"line":48,"column":6},"end":{"line":48,"column":65}},"6":{"start":{"line":49,"column":6},"end":{"line":49,"column":12}},"7":{"start":{"line":51,"column":4},"end":{"line":56,"column":5}},"8":{"start":{"line":52,"column":6},"end":{"line":52,"column":57}},"9":{"start":{"line":53,"column":6},"end":{"line":53,"column":51}},"10":{"start":{"line":55,"column":6},"end":{"line":55,"column":45}},"11":{"start":{"line":57,"column":4},"end":{"line":57,"column":35}},"12":{"start":{"line":58,"column":4},"end":{"line":58,"column":49}},"13":{"start":{"line":61,"column":2},"end":{"line":130,"column":3}},"14":{"start":{"line":81,"column":29},"end":{"line":81,"column":56}}},"fnMap":{"0":{"name":"(anonymous_0)","decl":{"start":{"line":29,"column":16},"end":{"line":29,"column":17}},"loc":{"start":{"line":29,"column":22},"end":{"line":131,"column":1}},"line":29},"1":{"name":"(anonymous_1)","decl":{"start":{"line":46,"column":46},"end":{"line":46,"column":47}},"loc":{"start":{"line":46,"column":62},"end":{"line":59,"column":3}},"line":46},"2":{"name":"(anonymous_2)","decl":{"start":{"line":81,"column":22},"end":{"line":81,"column":23}},"loc":{"start":{"line":81,"column":29},"end":{"line":81,"column":56}},"line":81}},"branchMap":{"0":{"loc":{"start":{"line":47,"column":4},"end":{"line":50,"column":5}},"type":"if","locations":[{"start":{"line":47,"column":4},"end":{"line":50,"column":5}},{"start":{},"end":{}}],"line":47},"1":{"loc":{"start":{"line":47,"column":8},"end":{"line":47,"column":54}},"type":"binary-expr","locations":[{"start":{"line":47,"column":8},"end":{"line":47,"column":40}},{"start":{"line":47,"column":44},"end":{"line":47,"column":54}}],"line":47},"2":{"loc":{"start":{"line":88,"column":11},"end":{"line":93,"column":11}},"type":"binary-expr","locations":[{"start":{"line":88,"column":11},"end":{"line":88,"column":43}},{"start":{"line":89,"column":12},"end":{"line":92,"column":15}}],"line":88},"3":{"loc":{"start":{"line":123,"column":13},"end":{"line":123,"column":49}},"type":"cond-expr","locations":[{"start":{"line":123,"column":23},"end":{"line":123,"column":38}},{"start":{"line":123,"column":41},"end":{"line":123,"column":49}}],"line":123},"4":{"loc":{"start":{"line":126,"column":9},"end":{"line":126,"column":40}},"type":"binary-expr","locations":[{"start":{"line":126,"column":9},"end":{"line":126,"column":14}},{"start":{"line":126,"column":18},"end":{"line":126,"column":40}}],"line":126}},"s":{"0":6,"1":6,"2":6,"3":6,"4":0,"5":0,"6":0,"7":0,"8":0,"9":0,"10":0,"11":0,"12":0,"13":6,"14":0},"f":{"0":6,"1":0,"2":0},"b":{"0":[0,0],"1":[0,0],"2":[6,0],"3":[0,6],"4":[6,0]},"_coverageSchema":"1a1c01bbd47fc00a2c39e90264f33305004495a9","hash":"a4bd6c86ce40c4507b0ecdbc1cb1677eee68d205"}
,"/Users/graceelizabethmorgan-maxwell/Desktop/CapRW/bobRW/web/src/components/Footer/Footer.tsx": {"path":"/Users/graceelizabethmorgan-maxwell/Desktop/CapRW/bobRW/web/src/components/Footer/Footer.tsx","statementMap":{"0":{"start":{"line":6,"column":15},"end":{"line":38,"column":1}},"1":{"start":{"line":7,"column":2},"end":{"line":37,"column":3}}},"fnMap":{"0":{"name":"(anonymous_0)","decl":{"start":{"line":6,"column":15},"end":{"line":6,"column":16}},"loc":{"start":{"line":6,"column":21},"end":{"line":38,"column":1}},"line":6}},"branchMap":{},"s":{"0":9,"1":24},"f":{"0":24},"b":{},"_coverageSchema":"1a1c01bbd47fc00a2c39e90264f33305004495a9","hash":"ac9ec45753b3c4d38fb7e92309affd139634608e"}
,"/Users/graceelizabethmorgan-maxwell/Desktop/CapRW/bobRW/web/src/components/HeaderHero/HeaderHero.tsx": {"path":"/Users/graceelizabethmorgan-maxwell/Desktop/CapRW/bobRW/web/src/components/HeaderHero/HeaderHero.tsx","statementMap":{"0":{"start":{"line":6,"column":19},"end":{"line":33,"column":1}},"1":{"start":{"line":7,"column":2},"end":{"line":32,"column":3}}},"fnMap":{"0":{"name":"(anonymous_0)","decl":{"start":{"line":6,"column":19},"end":{"line":6,"column":20}},"loc":{"start":{"line":6,"column":25},"end":{"line":33,"column":1}},"line":6}},"branchMap":{},"s":{"0":9,"1":18},"f":{"0":18},"b":{},"_coverageSchema":"1a1c01bbd47fc00a2c39e90264f33305004495a9","hash":"7f3e7b2d9a45e43e01746d688b2cdc7d463ac894"}
,"/Users/graceelizabethmorgan-maxwell/Desktop/CapRW/bobRW/web/src/components/Portfolio/Portfolio.tsx": {"path":"/Users/graceelizabethmorgan-maxwell/Desktop/CapRW/bobRW/web/src/components/Portfolio/Portfolio.tsx","statementMap":{"0":{"start":{"line":14,"column":18},"end":{"line":97,"column":1}},"1":{"start":{"line":15,"column":2},"end":{"line":96,"column":3}}},"fnMap":{"0":{"name":"(anonymous_0)","decl":{"start":{"line":14,"column":18},"end":{"line":14,"column":19}},"loc":{"start":{"line":14,"column":24},"end":{"line":97,"column":1}},"line":14}},"branchMap":{},"s":{"0":6,"1":6},"f":{"0":6},"b":{},"_coverageSchema":"1a1c01bbd47fc00a2c39e90264f33305004495a9","hash":"63d254c36516ad2bc9dc53b6a2586fb6078de3f7"}
,"/Users/graceelizabethmorgan-maxwell/Desktop/CapRW/bobRW/web/src/components/Services/Services.tsx": {"path":"/Users/graceelizabethmorgan-maxwell/Desktop/CapRW/bobRW/web/src/components/Services/Services.tsx","statementMap":{"0":{"start":{"line":12,"column":17},"end":{"line":70,"column":1}},"1":{"start":{"line":13,"column":2},"end":{"line":69,"column":3}}},"fnMap":{"0":{"name":"(anonymous_0)","decl":{"start":{"line":12,"column":17},"end":{"line":12,"column":18}},"loc":{"start":{"line":12,"column":23},"end":{"line":70,"column":1}},"line":12}},"branchMap":{},"s":{"0":6,"1":6},"f":{"0":6},"b":{},"_coverageSchema":"1a1c01bbd47fc00a2c39e90264f33305004495a9","hash":"04bfa927a57be0e324f9cd1058df6aea1cd07022"}
,"/Users/graceelizabethmorgan-maxwell/Desktop/CapRW/bobRW/web/src/pages/ContactUsPage/ContactUsPage.tsx": {"path":"/Users/graceelizabethmorgan-maxwell/Desktop/CapRW/bobRW/web/src/pages/ContactUsPage/ContactUsPage.tsx","statementMap":{"0":{"start":{"line":7,"column":22},"end":{"line":16,"column":1}},"1":{"start":{"line":8,"column":2},"end":{"line":15,"column":3}}},"fnMap":{"0":{"name":"(anonymous_0)","decl":{"start":{"line":7,"column":22},"end":{"line":7,"column":23}},"loc":{"start":{"line":7,"column":28},"end":{"line":16,"column":1}},"line":7}},"branchMap":{},"s":{"0":3,"1":3},"f":{"0":3},"b":{},"_coverageSchema":"1a1c01bbd47fc00a2c39e90264f33305004495a9","hash":"a74c3147201035a16e5688c6d2d9f55e67daf7d2"}
,"/Users/graceelizabethmorgan-maxwell/Desktop/CapRW/bobRW/web/src/pages/DisclaimerPage/DisclaimerPage.tsx": {"path":"/Users/graceelizabethmorgan-maxwell/Desktop/CapRW/bobRW/web/src/pages/DisclaimerPage/DisclaimerPage.tsx","statementMap":{"0":{"start":{"line":4,"column":23},"end":{"line":20,"column":1}},"1":{"start":{"line":5,"column":2},"end":{"line":19,"column":3}}},"fnMap":{"0":{"name":"(anonymous_0)","decl":{"start":{"line":4,"column":23},"end":{"line":4,"column":24}},"loc":{"start":{"line":4,"column":29},"end":{"line":20,"column":1}},"line":4}},"branchMap":{},"s":{"0":3,"1":3},"f":{"0":3},"b":{},"_coverageSchema":"1a1c01bbd47fc00a2c39e90264f33305004495a9","hash":"d3e02fdf512d58378190c6ddcfb37344ec31dcb6"}
,"/Users/graceelizabethmorgan-maxwell/Desktop/CapRW/bobRW/web/src/pages/HomePage/HomePage.tsx": {"path":"/Users/graceelizabethmorgan-maxwell/Desktop/CapRW/bobRW/web/src/pages/HomePage/HomePage.tsx","statementMap":{"0":{"start":{"line":9,"column":17},"end":{"line":21,"column":1}},"1":{"start":{"line":10,"column":2},"end":{"line":20,"column":3}}},"fnMap":{"0":{"name":"(anonymous_0)","decl":{"start":{"line":9,"column":17},"end":{"line":9,"column":18}},"loc":{"start":{"line":9,"column":23},"end":{"line":21,"column":1}},"line":9}},"branchMap":{},"s":{"0":3,"1":3},"f":{"0":3},"b":{},"_coverageSchema":"1a1c01bbd47fc00a2c39e90264f33305004495a9","hash":"a2d60339066b929f2e80b2224287123ca59a56d1"}
}
