TN:
SF:web/src/Routes.tsx
FN:12,(anonymous_0)
FNF:1
FNH:1
FNDA:48,(anonymous_0)
DA:12,21
DA:13,48
LF:2
LH:2
BRF:0
BRH:0
end_of_record
TN:
SF:web/src/components/About/About.tsx
FN:4,(anonymous_0)
FNF:1
FNH:1
FNDA:3,(anonymous_0)
DA:4,3
DA:5,3
LF:2
LH:2
BRF:0
BRH:0
end_of_record
TN:
SF:web/src/components/ButtonLink/ButtonLink.tsx
FN:7,(anonymous_0)
FN:19,(anonymous_1)
FN:20,(anonymous_2)
FNF:3
FNH:1
FNDA:9,(anonymous_0)
FNDA:0,(anonymous_1)
FNDA:0,(anonymous_2)
DA:7,6
DA:8,9
DA:10,9
DA:19,0
DA:20,0
LF:5
LH:3
BRF:0
BRH:0
end_of_record
TN:
SF:web/src/components/Contact/Contact.tsx
FN:29,(anonymous_0)
FN:46,(anonymous_1)
FN:81,(anonymous_2)
FNF:3
FNH:1
FNDA:3,(anonymous_0)
FNDA:0,(anonymous_1)
FNDA:0,(anonymous_2)
DA:29,3
DA:30,3
DA:31,3
DA:46,3
DA:47,0
DA:48,0
DA:49,0
DA:51,0
DA:52,0
DA:53,0
DA:55,0
DA:57,0
DA:58,0
DA:61,3
DA:81,0
LF:15
LH:5
BRDA:47,0,0,0
BRDA:47,0,1,0
BRDA:47,1,0,0
BRDA:47,1,1,0
BRDA:88,2,0,3
BRDA:88,2,1,0
BRDA:123,3,0,0
BRDA:123,3,1,3
BRDA:126,4,0,3
BRDA:126,4,1,0
BRF:10
BRH:3
end_of_record
TN:
SF:web/src/components/Footer/Footer.tsx
FN:6,(anonymous_0)
FNF:1
FNH:1
FNDA:18,(anonymous_0)
DA:6,3
DA:7,18
LF:2
LH:2
BRF:0
BRH:0
end_of_record
TN:
SF:web/src/components/HeaderHero/HeaderHero.tsx
FN:6,(anonymous_0)
FNF:1
FNH:1
FNDA:12,(anonymous_0)
DA:6,3
DA:7,12
LF:2
LH:2
BRF:0
BRH:0
end_of_record
TN:
SF:web/src/components/Portfolio/Portfolio.tsx
FN:14,(anonymous_0)
FNF:1
FNH:1
FNDA:3,(anonymous_0)
DA:14,3
DA:15,3
LF:2
LH:2
BRF:0
BRH:0
end_of_record
TN:
SF:web/src/components/Services/Services.tsx
FN:12,(anonymous_0)
FNF:1
FNH:1
FNDA:3,(anonymous_0)
DA:12,3
DA:13,3
LF:2
LH:2
BRF:0
BRH:0
end_of_record
